<?xml version="1.0" encoding="UTF-8"?>
<testng-results skipped="0" failed="0" ignored="0" total="2" passed="2">
  <reporter-output>
  </reporter-output>
  <suite name="Suite" duration-ms="19779" started-at="2019-10-12T06:38:52Z" finished-at="2019-10-12T06:39:12Z">
    <groups>
    </groups>
    <test name="Test" duration-ms="19779" started-at="2019-10-12T06:38:52Z" finished-at="2019-10-12T06:39:12Z">
      <class name="tests.LOGINTFO">
        <test-method status="PASS" signature="setUp()[pri:0, instance:tests.LOGINTFO@5a61f5df]" name="setUp" is-config="true" duration-ms="2604" started-at="2019-10-12T12:09:07Z" finished-at="2019-10-12T12:09:09Z">
          <reporter-output>
          </reporter-output>
        </test-method> <!-- setUp -->
        <test-method status="PASS" signature="testLOGINTFO()[pri:0, instance:tests.LOGINTFO@5a61f5df]" name="testLOGINTFO" duration-ms="2167" started-at="2019-10-12T12:09:09Z" finished-at="2019-10-12T12:09:12Z">
          <reporter-output>
          </reporter-output>
        </test-method> <!-- testLOGINTFO -->
        <test-method status="PASS" signature="tearDown()[pri:0, instance:tests.LOGINTFO@5a61f5df]" name="tearDown" is-config="true" duration-ms="587" started-at="2019-10-12T12:09:12Z" finished-at="2019-10-12T12:09:12Z">
          <reporter-output>
          </reporter-output>
        </test-method> <!-- tearDown -->
      </class> <!-- tests.LOGINTFO -->
      <class name="tests.LOGINTFO1">
        <test-method status="PASS" signature="setUp()[pri:0, instance:tests.LOGINTFO1@36f6e879]" name="setUp" is-config="true" duration-ms="5536" started-at="2019-10-12T12:08:52Z" finished-at="2019-10-12T12:08:58Z">
          <reporter-output>
          </reporter-output>
        </test-method> <!-- setUp -->
        <test-method status="PASS" signature="testLOGINTFO1()[pri:0, instance:tests.LOGINTFO1@36f6e879]" name="testLOGINTFO1" duration-ms="8207" started-at="2019-10-12T12:08:58Z" finished-at="2019-10-12T12:09:06Z">
          <reporter-output>
          </reporter-output>
        </test-method> <!-- testLOGINTFO1 -->
        <test-method status="PASS" signature="tearDown()[pri:0, instance:tests.LOGINTFO1@36f6e879]" name="tearDown" is-config="true" duration-ms="661" started-at="2019-10-12T12:09:06Z" finished-at="2019-10-12T12:09:07Z">
          <reporter-output>
          </reporter-output>
        </test-method> <!-- tearDown -->
      </class> <!-- tests.LOGINTFO1 -->
    </test> <!-- Test -->
  </suite> <!-- Suite -->
</testng-results>
