<?xml version="1.0" encoding="UTF-8"?>
<testng-results skipped="0" failed="0" ignored="0" total="2" passed="2">
  <reporter-output>
  </reporter-output>
  <suite name="Suite" duration-ms="17040" started-at="2019-10-09T14:00:47Z" finished-at="2019-10-09T14:01:04Z">
    <groups>
    </groups>
    <test name="Test" duration-ms="17040" started-at="2019-10-09T14:00:47Z" finished-at="2019-10-09T14:01:04Z">
      <class name="tests.LOGINTFO">
        <test-method status="PASS" signature="setUp()[pri:0, instance:tests.LOGINTFO@4bec1f0c]" name="setUp" is-config="true" duration-ms="2593" started-at="2019-10-09T19:30:58Z" finished-at="2019-10-09T19:31:01Z">
          <reporter-output>
          </reporter-output>
        </test-method> <!-- setUp -->
        <test-method status="PASS" signature="testLOGINTFO()[pri:0, instance:tests.LOGINTFO@4bec1f0c]" name="testLOGINTFO" duration-ms="2847" started-at="2019-10-09T19:31:01Z" finished-at="2019-10-09T19:31:04Z">
          <reporter-output>
          </reporter-output>
        </test-method> <!-- testLOGINTFO -->
        <test-method status="PASS" signature="tearDown()[pri:0, instance:tests.LOGINTFO@4bec1f0c]" name="tearDown" is-config="true" duration-ms="622" started-at="2019-10-09T19:31:04Z" finished-at="2019-10-09T19:31:04Z">
          <reporter-output>
          </reporter-output>
        </test-method> <!-- tearDown -->
      </class> <!-- tests.LOGINTFO -->
      <class name="tests.LOGINTFO1">
        <test-method status="PASS" signature="setUp()[pri:0, instance:tests.LOGINTFO1@73846619]" name="setUp" is-config="true" duration-ms="4904" started-at="2019-10-09T19:30:47Z" finished-at="2019-10-09T19:30:52Z">
          <reporter-output>
          </reporter-output>
        </test-method> <!-- setUp -->
        <test-method status="PASS" signature="testLOGINTFO1()[pri:0, instance:tests.LOGINTFO1@73846619]" name="testLOGINTFO1" duration-ms="5441" started-at="2019-10-09T19:30:52Z" finished-at="2019-10-09T19:30:58Z">
          <reporter-output>
          </reporter-output>
        </test-method> <!-- testLOGINTFO1 -->
        <test-method status="PASS" signature="tearDown()[pri:0, instance:tests.LOGINTFO1@73846619]" name="tearDown" is-config="true" duration-ms="603" started-at="2019-10-09T19:30:58Z" finished-at="2019-10-09T19:30:58Z">
          <reporter-output>
          </reporter-output>
        </test-method> <!-- tearDown -->
      </class> <!-- tests.LOGINTFO1 -->
    </test> <!-- Test -->
  </suite> <!-- Suite -->
</testng-results>
